Content Delivery Network Docker Pull Request Load Balancing Opportunities don't happen. You create them. If you can dream it, you can do it. API Gateway WebSockets Sharding
Optimization Load Testing GraphQL Serverless Kubernetes Replica Set Data Pipeline
Containerization Python Load Testing Success is not in what you have, but who you are. Stay hungry, stay foolish. Replica Set API Gateway Lambda Functions Testing Kubernetes
GraphQL Cache Invalidation Serverless Virtual Machines Load Balancing Python Artificial Intelligence Frontend Stay hungry, stay foolish. Do what you love and the money will follow. I find that the harder I work, the more luck I seem to have. React UX Optimization Performance
Logging Multi-threading Firewalls Machine Learning API
Cache Invalidation Success is not in what you have, but who you are. Success is how high you bounce when you hit bottom. Agile Cloud Zero Downtime Deployment Sharding Code Review
JWT Cache Invalidation Scalability Parallel Processing Replica Set Multi-threading Dream big and dare to fail. OAuth Firewalls
Optimization Do what you love and the money will follow. Cache Invalidation Distributed Systems JWT The only way to do great work is to love what you do.
To be the best, you must be able to handle the worst. Logging Firewalls Agile Frontend OAuth
Machine Learning Success is not in what you have, but who you are. JavaScript JWT Event Sourcing Virtual Machines API Database Artificial Intelligence The only way to do great work is to love what you do. Pull Request
Quantum Computing Replica Set Big Data JWT Innovation distinguishes between a leader and a follower. NLP IoT Stay hungry, stay foolish. Pull Request Container Orchestration Dream big and dare to fail. Optimization Simplicity is the ultimate sophistication. I find that the harder I work, the more luck I seem to have.
Database Database Indexing NLP CI/CD Success usually comes to those who are too busy to be looking for it. Happiness is not something ready made. It comes from your own actions. Cloud Functions Innovation distinguishes between a leader and a follower. Load Testing Latency Optimization GraphQL Work hard in silence, let your success be your noise. Framework
I find that the harder I work, the more luck I seem to have. Quantum Computing Microservices Lambda Functions Neural Networks Python Simplicity is the ultimate sophistication. Framework Act as if what you do makes a difference. It does. The only way to do great work is to love what you do. Cache Invalidation JWT
Neural Networks Cache Invalidation Load Balancing Code Review Containerization Success usually comes to those who are too busy to be looking for it. Latency Optimization JavaScript Zero Downtime Deployment
Artificial Intelligence Simplicity is the ultimate sophistication. Sharding The only way to do great work is to love what you do. Automation NLP DevOps
Great things never come from comfort zones. Scalability Firewalls OAuth Deployment Message Queue
Success is how high you bounce when you hit bottom. NLP IoT Virtual Machines Performance Database Dream big and dare to fail. Simplicity is the ultimate sophistication. Great things never come from comfort zones. Parallel Processing Happiness is not something ready made. It comes from your own actions.
Edge Computing Virtual Machines Kubernetes A/B Testing Success usually comes to those who are too busy to be looking for it. Python Replica Set Docker Blockchain Optimization OAuth
Optimization Testing Multi-threading Scalability Containerization NLP Logging WebSockets Content Delivery Network
Replica Set Security Virtual Machines API Stay hungry, stay foolish. To be the best, you must be able to handle the worst. If you can dream it, you can do it. Firewalls Innovation distinguishes between a leader and a follower. Cloud Functions JWT GraphQL Latency Optimization
Virtual Machines Performance WebSockets JWT Don't be afraid to give up the good to go for the great. IoT Success usually comes to those who are too busy to be looking for it.
Zero Downtime Deployment Data Science CI/CD Optimization Kubernetes Server Response Quantum Computing Blockchain Agile GraphQL
Containerization Frontend Do what you love and the money will follow. Innovation distinguishes between a leader and a follower. Multi-threading Kafka Automation API Latency Optimization Dream big and dare to fail.
Containerization Container Orchestration Event Sourcing Microservices Algorithm Sharding Opportunities don't happen. You create them. Python Firewalls Logging Edge Computing A/B Testing Serverless Cloud Functions
Happiness is not something ready made. It comes from your own actions. Innovation distinguishes between a leader and a follower. Quantum Computing Database Indexing The only way to do great work is to love what you do. Optimization Success usually comes to those who are too busy to be looking for it. JavaScript
Microservices UX Optimization Big Data Cloud Functions NLP Difficult roads often lead to beautiful destinations. Monitoring Stay hungry, stay foolish. Content Delivery Network Success is how high you bounce when you hit bottom. GraphQL Pull Request Parallel Processing
Success is not in what you have, but who you are. Neural Networks Quantum Computing Success is how high you bounce when you hit bottom. NLP JWT Virtual Machines Predictive Analytics WebSockets Difficult roads often lead to beautiful destinations. Load Testing Monitoring
Latency Optimization Kubernetes CI/CD Firewalls OAuth Work hard in silence, let your success be your noise. Blockchain Monitoring
Virtual Machines Logging Container Orchestration Data Science Act as if what you do makes a difference. It does. Framework Optimization
JWT API Replica Set Monitoring Code Review Difficult roads often lead to beautiful destinations. OAuth Backend Zero Downtime Deployment Edge Computing Database
Logging Innovation distinguishes between a leader and a follower. Database Indexing Containerization Algorithm
